<?xml version="1.0" encoding="UTF-8"?>
<testsuite xmlns:xsi="http://www.w3.org/2001/XMLSchema-instance" xsi:noNamespaceSchemaLocation="https://maven.apache.org/surefire/maven-surefire-plugin/xsd/surefire-test-report-3.0.xsd" version="3.0" name="io.kroxylicious.gateway.controlplane.ControlPlaneApplicationTests" time="5.939" tests="2" errors="0" skipped="0" failures="0">
  <properties>
[...]
</properties>
  <testcase name="shouldOnboardTopic" classname="io.kroxylicious.gateway.controlplane.ControlPlaneApplicationTests" time="0.321">
    <system-out><![CDATA[Standard Commons Logging discovery in action with spring-jcl: please remove commons-logging.jar from classpath in order to avoid potential conflicts
04:16:58.436 [main] INFO org.springframework.test.context.support.AnnotationConfigContextLoaderUtils -- Could not detect default configuration classes for test class [io.kroxylicious.gateway.controlplane.ControlPlaneApplicationTests]: ControlPlaneApplicationTests does not declare any static, non-private, non-final, nested classes annotated with @Configuration.
04:16:58.565 [main] INFO org.springframework.boot.test.context.SpringBootTestContextBootstrapper -- Found @SpringBootConfiguration io.kroxylicious.gateway.controlplane.ControlPlaneApplication for test class io.kroxylicious.gateway.controlplane.ControlPlaneApplicationTests

  .   ____          _            __ _ _
 /\\ / ___'_ __ _ _(_)_ __  __ _ \ \ \ \
( ( )\___ | '_ | '_| | '_ \/ _` | \ \ \ \
 \\/  ___)| |_)| | | | | || (_| |  ) ) ) )
  '  |____| .__|_| |_|_| |_\__, | / / / /
 =========|_|==============|___/=/_/_/_/
 :: Spring Boot ::                (v3.2.4)

2026-06-01T04:16:59.192Z  INFO 163999 --- [           main] i.k.g.c.ControlPlaneApplicationTests     : Starting ControlPlaneApplicationTests using Java 21.0.10 with PID 163999 (started by jules in /app/control-plane)
2026-06-01T04:16:59.194Z  INFO 163999 --- [           main] i.k.g.c.ControlPlaneApplicationTests     : No active profile set, falling back to 1 default profile: "default"
2026-06-01T04:17:02.281Z  INFO 163999 --- [           main] o.s.b.w.embedded.tomcat.TomcatWebServer  : Tomcat initialized with port 0 (http)
2026-06-01T04:17:02.325Z  INFO 163999 --- [           main] o.apache.catalina.core.StandardService   : Starting service [Tomcat]
2026-06-01T04:17:02.326Z  INFO 163999 --- [           main] o.apache.catalina.core.StandardEngine    : Starting Servlet engine: [Apache Tomcat/10.1.19]
2026-06-01T04:17:02.434Z  INFO 163999 --- [           main] o.a.c.c.C.[Tomcat].[localhost].[/]       : Initializing Spring embedded WebApplicationContext
2026-06-01T04:17:02.436Z  INFO 163999 --- [           main] w.s.c.ServletWebServerApplicationContext : Root WebApplicationContext: initialization completed in 3204 ms
Standard Commons Logging discovery in action with spring-jcl: please remove commons-logging.jar from classpath in order to avoid potential conflicts
2026-06-01T04:17:03.739Z  INFO 163999 --- [           main] o.s.b.w.embedded.tomcat.TomcatWebServer  : Tomcat started on port 33381 (http) with context path ''
2026-06-01T04:17:03.750Z  INFO 163999 --- [           main] i.k.g.c.ControlPlaneApplicationTests     : Started ControlPlaneApplicationTests in 5.002 seconds (process running for 6.167)
2026-06-01T04:17:03.985Z  INFO 163999 --- [o-auto-1-exec-1] o.a.c.c.C.[Tomcat].[localhost].[/]       : Initializing Spring DispatcherServlet 'dispatcherServlet'
2026-06-01T04:17:03.986Z  INFO 163999 --- [o-auto-1-exec-1] o.s.web.servlet.DispatcherServlet        : Initializing Servlet 'dispatcherServlet'
2026-06-01T04:17:03.987Z  INFO 163999 --- [o-auto-1-exec-1] o.s.web.servlet.DispatcherServlet        : Completed initialization in 1 ms
]]></system-out>
    <system-err><![CDATA[WARNING: A Java agent has been loaded dynamically (/home/jules/.m2/repository/net/bytebuddy/byte-buddy-agent/1.14.12/byte-buddy-agent-1.14.12.jar)
WARNING: If a serviceability tool is in use, please run with -XX:+EnableDynamicAgentLoading to hide this warning
WARNING: If a serviceability tool is not in use, please run with -Djdk.instrument.traceUsage for more information
WARNING: Dynamic loading of agents will be disallowed by default in a future release
]]></system-err>
  </testcase>
  <testcase name="contextLoads" classname="io.kroxylicious.gateway.controlplane.ControlPlaneApplicationTests" time="0.004"/>
</testsuite>